<!DOCTYPE html>
<html>
  <head>
    <meta charset="utf-8"/>
    <title>Test Report</title>
    <link href="assets/style.css" rel="stylesheet" type="text/css"/></head>
  <body onLoad="init()">
    <script>/* This Source Code Form is subject to the terms of the Mozilla Public
 * License, v. 2.0. If a copy of the MPL was not distributed with this file,
 * You can obtain one at http://mozilla.org/MPL/2.0/. */


function toArray(iter) {
    if (iter === null) {
        return null;
    }
    return Array.prototype.slice.call(iter);
}

function find(selector, elem) {
    if (!elem) {
        elem = document;
    }
    return elem.querySelector(selector);
}

function find_all(selector, elem) {
    if (!elem) {
        elem = document;
    }
    return toArray(elem.querySelectorAll(selector));
}

function sort_column(elem) {
    toggle_sort_states(elem);
    var colIndex = toArray(elem.parentNode.childNodes).indexOf(elem);
    var key;
    if (elem.classList.contains('numeric')) {
        key = key_num;
    } else if (elem.classList.contains('result')) {
        key = key_result;
    } else {
        key = key_alpha;
    }
    sort_table(elem, key(colIndex));
}

function show_all_extras() {
    find_all('.col-result').forEach(show_extras);
}

function hide_all_extras() {
    find_all('.col-result').forEach(hide_extras);
}

function show_extras(colresult_elem) {
    var extras = colresult_elem.parentNode.nextElementSibling;
    var expandcollapse = colresult_elem.firstElementChild;
    extras.classList.remove("collapsed");
    expandcollapse.classList.remove("expander");
    expandcollapse.classList.add("collapser");
}

function hide_extras(colresult_elem) {
    var extras = colresult_elem.parentNode.nextElementSibling;
    var expandcollapse = colresult_elem.firstElementChild;
    extras.classList.add("collapsed");
    expandcollapse.classList.remove("collapser");
    expandcollapse.classList.add("expander");
}

function show_filters() {
    var filter_items = document.getElementsByClassName('filter');
    for (var i = 0; i < filter_items.length; i++)
        filter_items[i].hidden = false;
}

function add_collapse() {
    // Add links for show/hide all
    var resulttable = find('table#results-table');
    var showhideall = document.createElement("p");
    showhideall.innerHTML = '<a href="javascript:show_all_extras()">Show all details</a> / ' +
                            '<a href="javascript:hide_all_extras()">Hide all details</a>';
    resulttable.parentElement.insertBefore(showhideall, resulttable);

    // Add show/hide link to each result
    find_all('.col-result').forEach(function(elem) {
        var collapsed = get_query_parameter('collapsed') || 'Passed';
        var extras = elem.parentNode.nextElementSibling;
        var expandcollapse = document.createElement("span");
        if (collapsed.includes(elem.innerHTML)) {
            extras.classList.add("collapsed");
            expandcollapse.classList.add("expander");
        } else {
            expandcollapse.classList.add("collapser");
        }
        elem.appendChild(expandcollapse);

        elem.addEventListener("click", function(event) {
            if (event.currentTarget.parentNode.nextElementSibling.classList.contains("collapsed")) {
                show_extras(event.currentTarget);
            } else {
                hide_extras(event.currentTarget);
            }
        });
    })
}

function get_query_parameter(name) {
    var match = RegExp('[?&]' + name + '=([^&]*)').exec(window.location.search);
    return match && decodeURIComponent(match[1].replace(/\+/g, ' '));
}

function init () {
    reset_sort_headers();

    add_collapse();

    show_filters();

    toggle_sort_states(find('.initial-sort'));

    find_all('.sortable').forEach(function(elem) {
        elem.addEventListener("click",
                              function(event) {
                                  sort_column(elem);
                              }, false)
    });

};

function sort_table(clicked, key_func) {
    var rows = find_all('.results-table-row');
    var reversed = !clicked.classList.contains('asc');
    var sorted_rows = sort(rows, key_func, reversed);
    /* Whole table is removed here because browsers acts much slower
     * when appending existing elements.
     */
    var thead = document.getElementById("results-table-head");
    document.getElementById('results-table').remove();
    var parent = document.createElement("table");
    parent.id = "results-table";
    parent.appendChild(thead);
    sorted_rows.forEach(function(elem) {
        parent.appendChild(elem);
    });
    document.getElementsByTagName("BODY")[0].appendChild(parent);
}

function sort(items, key_func, reversed) {
    var sort_array = items.map(function(item, i) {
        return [key_func(item), i];
    });
    var multiplier = reversed ? -1 : 1;

    sort_array.sort(function(a, b) {
        var key_a = a[0];
        var key_b = b[0];
        return multiplier * (key_a >= key_b ? 1 : -1);
    });

    return sort_array.map(function(item) {
        var index = item[1];
        return items[index];
    });
}

function key_alpha(col_index) {
    return function(elem) {
        return elem.childNodes[1].childNodes[col_index].firstChild.data.toLowerCase();
    };
}

function key_num(col_index) {
    return function(elem) {
        return parseFloat(elem.childNodes[1].childNodes[col_index].firstChild.data);
    };
}

function key_result(col_index) {
    return function(elem) {
        var strings = ['Error', 'Failed', 'Rerun', 'XFailed', 'XPassed',
                       'Skipped', 'Passed'];
        return strings.indexOf(elem.childNodes[1].childNodes[col_index].firstChild.data);
    };
}

function reset_sort_headers() {
    find_all('.sort-icon').forEach(function(elem) {
        elem.parentNode.removeChild(elem);
    });
    find_all('.sortable').forEach(function(elem) {
        var icon = document.createElement("div");
        icon.className = "sort-icon";
        icon.textContent = "vvv";
        elem.insertBefore(icon, elem.firstChild);
        elem.classList.remove("desc", "active");
        elem.classList.add("asc", "inactive");
    });
}

function toggle_sort_states(elem) {
    //if active, toggle between asc and desc
    if (elem.classList.contains('active')) {
        elem.classList.toggle('asc');
        elem.classList.toggle('desc');
    }

    //if inactive, reset all other functions and add ascending active
    if (elem.classList.contains('inactive')) {
        reset_sort_headers();
        elem.classList.remove('inactive');
        elem.classList.add('active');
    }
}

function is_all_rows_hidden(value) {
  return value.hidden == false;
}

function filter_table(elem) {
    var outcome_att = "data-test-result";
    var outcome = elem.getAttribute(outcome_att);
    class_outcome = outcome + " results-table-row";
    var outcome_rows = document.getElementsByClassName(class_outcome);

    for(var i = 0; i < outcome_rows.length; i++){
        outcome_rows[i].hidden = !elem.checked;
    }

    var rows = find_all('.results-table-row').filter(is_all_rows_hidden);
    var all_rows_hidden = rows.length == 0 ? true : false;
    var not_found_message = document.getElementById("not-found-message");
    not_found_message.hidden = !all_rows_hidden;
}
</script>
    <h1>report.html</h1>
    <p>Report generated on 17-Apr-2019 at 11:09:58 by <a href="https://pypi.python.org/pypi/pytest-html">pytest-html</a> v1.20.0</p>
    <h2>Environment</h2>
    <table id="environment">
      <tr>
        <td>Base URL</td>
        <td></td></tr>
      <tr>
        <td>Capabilities</td>
        <td>{}</td></tr>
      <tr>
        <td>Driver</td>
        <td>None</td></tr>
      <tr>
        <td>Packages</td>
        <td>{&apos;pytest&apos;: &apos;4.3.1&apos;, &apos;py&apos;: &apos;1.8.0&apos;, &apos;pluggy&apos;: &apos;0.9.0&apos;}</td></tr>
      <tr>
        <td>Platform</td>
        <td>Windows-10-10.0.17134-SP0</td></tr>
      <tr>
        <td>Plugins</td>
        <td>{&apos;variables&apos;: &apos;1.7.1&apos;, &apos;selenium&apos;: &apos;1.16.0&apos;, &apos;ordering&apos;: &apos;0.6&apos;, &apos;metadata&apos;: &apos;1.8.0&apos;, &apos;html&apos;: &apos;1.20.0&apos;, &apos;base-url&apos;: &apos;1.4.1&apos;}</td></tr>
      <tr>
        <td>Python</td>
        <td>3.6.5</td></tr></table>
    <h2>Summary</h2>
    <p>29 tests ran in 245.57 seconds. </p>
    <p class="filter" hidden="true">(Un)check the boxes to filter the results.</p><input checked="true" class="filter" data-test-result="passed" hidden="true" name="filter_checkbox" onChange="filter_table(this)" type="checkbox"/><span class="passed">19 passed</span>, <input checked="true" class="filter" data-test-result="skipped" disabled="true" hidden="true" name="filter_checkbox" onChange="filter_table(this)" type="checkbox"/><span class="skipped">0 skipped</span>, <input checked="true" class="filter" data-test-result="failed" hidden="true" name="filter_checkbox" onChange="filter_table(this)" type="checkbox"/><span class="failed">10 failed</span>, <input checked="true" class="filter" data-test-result="error" disabled="true" hidden="true" name="filter_checkbox" onChange="filter_table(this)" type="checkbox"/><span class="error">0 errors</span>, <input checked="true" class="filter" data-test-result="xfailed" disabled="true" hidden="true" name="filter_checkbox" onChange="filter_table(this)" type="checkbox"/><span class="xfailed">0 expected failures</span>, <input checked="true" class="filter" data-test-result="xpassed" disabled="true" hidden="true" name="filter_checkbox" onChange="filter_table(this)" type="checkbox"/><span class="xpassed">0 unexpected passes</span>
    <h2>Results</h2>
    <table id="results-table">
      <thead id="results-table-head">
        <tr>
          <th class="sortable result initial-sort" col="result">Result</th>
          <th class="sortable" col="name">Test</th>
          <th class="sortable numeric" col="duration">Duration</th>
          <th>Links</th></tr>
        <tr hidden="true" id="not-found-message">
          <th colspan="4">No results found. Try to check the filters</th></tr></thead>
      <tbody class="failed results-table-row">
        <tr>
          <td class="col-result">Failed</td>
          <td class="col-name">test_CreatePost.py::TestCreatePost::test_CreatePost</td>
          <td class="col-duration">0.54</td>
          <td class="col-links"></td></tr>
        <tr>
          <td class="extra" colspan="4">
            <div class="image"><a href="D:\Work\University\Spring 2019\CMPN203\TestingFramework\memstock.testing\InitialTests\Screenshots\11-06-08.png"><img src="D:\Work\University\Spring 2019\CMPN203\TestingFramework\memstock.testing\InitialTests\Screenshots\11-06-08.png"/></a></div>
            <div class="log">self = &lt;InitialTests.test_CreatePost.TestCreatePost object at 0x03E9EA50&gt;<br/>Setup = &lt;selenium.webdriver.firefox.webdriver.WebDriver (session=&quot;db1fa574-e8fe-44b4-9aa9-f54659493904&quot;)&gt;<br/><br/>    def test_CreatePost(self,Setup):<br/>        cpp=CreatePostPage()<br/>        cpp.Getsubredditfield(Setup).send_keys(&#x27;sfghjkjyjurytryhtjfgkh&#x27;)<br/>        cpp.Gettitlefield(Setup).send_keys(&#x27;YTTHJFTYHJUYGH&#x27;)<br/>        cpp.Getbodyfield(Setup).send_keys(&#x27;dadewfwegrhhsgsehshrsh, rgerhrgwrgewwegwegwege&#x27;)<br/>        cpp.Getcreatebutton(Setup).click()<br/>        #add assert onpage when their is response<br/>        #add assert post is created as input<br/>&gt;       assert False<br/><span class="error">E       assert False</span><br/><br/>test_CreatePost.py:40: AssertionError<br/></div></td></tr></tbody>
      <tbody class="failed results-table-row">
        <tr>
          <td class="col-result">Failed</td>
          <td class="col-name">test_CreatePost.py::TestCreatePost::test_Refresh</td>
          <td class="col-duration">0.92</td>
          <td class="col-links"></td></tr>
        <tr>
          <td class="extra" colspan="4">
            <div class="image"><a href="D:\Work\University\Spring 2019\CMPN203\TestingFramework\memstock.testing\InitialTests\Screenshots\11-06-16.png"><img src="D:\Work\University\Spring 2019\CMPN203\TestingFramework\memstock.testing\InitialTests\Screenshots\11-06-16.png"/></a></div>
            <div class="log">self = &lt;InitialTests.test_CreatePost.TestCreatePost object at 0x03ECCF90&gt;<br/>Setup = &lt;selenium.webdriver.firefox.webdriver.WebDriver (session=&quot;307a4032-588c-4680-aa16-d4391e0b148f&quot;)&gt;<br/><br/>    def test_Refresh(self,Setup):<br/>        cpp=CreatePostPage()<br/>        Setup.refresh()<br/>&gt;       assert cpp.IsOn(Setup)<br/><span class="error">E       assert False</span><br/><span class="error">E        +  where False = &lt;bound method Page.IsOn of &lt;Pages.CreatePostPage.CreatePostPage object at 0x03ECC590&gt;&gt;(&lt;selenium.webdriver.firefox.webdriver.WebDriver (session=&quot;307a4032-588c-4680-aa16-d4391e0b148f&quot;)&gt;)</span><br/><span class="error">E        +    where &lt;bound method Page.IsOn of &lt;Pages.CreatePostPage.CreatePostPage object at 0x03ECC590&gt;&gt; = &lt;Pages.CreatePostPage.CreatePostPage object at 0x03ECC590&gt;.IsOn</span><br/><br/>test_CreatePost.py:45: AssertionError<br/></div></td></tr></tbody>
      <tbody class="failed results-table-row">
        <tr>
          <td class="col-result">Failed</td>
          <td class="col-name">test_Home.py::TestHome::test_Refresh</td>
          <td class="col-duration">1.14</td>
          <td class="col-links"></td></tr>
        <tr>
          <td class="extra" colspan="4">
            <div class="image"><a href="D:\Work\University\Spring 2019\CMPN203\TestingFramework\memstock.testing\InitialTests\Screenshots\11-06-33.png"><img src="D:\Work\University\Spring 2019\CMPN203\TestingFramework\memstock.testing\InitialTests\Screenshots\11-06-33.png"/></a></div>
            <div class="log">self = &lt;InitialTests.test_Home.TestHome object at 0x03F80530&gt;<br/>Setup = &lt;selenium.webdriver.firefox.webdriver.WebDriver (session=&quot;1e68128e-65c9-49f0-8917-ed17c3fc86bb&quot;)&gt;<br/><br/>    def test_Refresh(self,Setup):<br/>        mp=MainPage()<br/>        Setup.refresh()<br/>&gt;       assert mp.IsOn(Setup)<br/><span class="error">E       assert False</span><br/><span class="error">E        +  where False = &lt;bound method Page.IsOn of &lt;Pages.MainPage.MainPage object at 0x03F803D0&gt;&gt;(&lt;selenium.webdriver.firefox.webdriver.WebDriver (session=&quot;1e68128e-65c9-49f0-8917-ed17c3fc86bb&quot;)&gt;)</span><br/><span class="error">E        +    where &lt;bound method Page.IsOn of &lt;Pages.MainPage.MainPage object at 0x03F803D0&gt;&gt; = &lt;Pages.MainPage.MainPage object at 0x03F803D0&gt;.IsOn</span><br/><br/>test_Home.py:38: AssertionError<br/></div></td></tr></tbody>
      <tbody class="failed results-table-row">
        <tr>
          <td class="col-result">Failed</td>
          <td class="col-name">test_Login.py::TestLogin::test_LoginFailedIncorrectPassword</td>
          <td class="col-duration">3.42</td>
          <td class="col-links"></td></tr>
        <tr>
          <td class="extra" colspan="4">
            <div class="image"><a href="D:\Work\University\Spring 2019\CMPN203\TestingFramework\memstock.testing\InitialTests\Screenshots\11-06-59.png"><img src="D:\Work\University\Spring 2019\CMPN203\TestingFramework\memstock.testing\InitialTests\Screenshots\11-06-59.png"/></a></div>
            <div class="log">self = &lt;InitialTests.test_Login.TestLogin object at 0x03F8BAD0&gt;<br/>Setup = &lt;selenium.webdriver.firefox.webdriver.WebDriver (session=&quot;b20360fa-c13a-42d2-8de0-a0f757a41451&quot;)&gt;<br/><br/>    def test_LoginFailedIncorrectPassword(self,Setup):<br/>    <br/>        lp = LoginPage()<br/>        lp.Getusernamefield(Setup).send_keys(&#x27;mostafa_hazem&#x27;)<br/>        lp.Getpasswordfield(Setup).send_keys(&#x27;1231234246732&#x27;)<br/>        lp.Getloginbutton(Setup).click()<br/>&gt;       assert lp.ErrorDisplayed(Setup)<br/><span class="error">E       assert False</span><br/><span class="error">E        +  where False = &lt;bound method LoginPage.ErrorDisplayed of &lt;Pages.LoginPage.LoginPage object at 0x03F66E70&gt;&gt;(&lt;selenium.webdriver.firefox.webdriver.WebDriver (session=&quot;b20360fa-c13a-42d2-8de0-a0f757a41451&quot;)&gt;)</span><br/><span class="error">E        +    where &lt;bound method LoginPage.ErrorDisplayed of &lt;Pages.LoginPage.LoginPage object at 0x03F66E70&gt;&gt; = &lt;Pages.LoginPage.LoginPage object at 0x03F66E70&gt;.ErrorDisplayed</span><br/><br/>test_Login.py:45: AssertionError<br/></div></td></tr></tbody>
      <tbody class="failed results-table-row">
        <tr>
          <td class="col-result">Failed</td>
          <td class="col-name">test_Login.py::TestLogin::test_LoginFailedIncorrectUsername</td>
          <td class="col-duration">3.41</td>
          <td class="col-links"></td></tr>
        <tr>
          <td class="extra" colspan="4">
            <div class="image"><a href="D:\Work\University\Spring 2019\CMPN203\TestingFramework\memstock.testing\InitialTests\Screenshots\11-07-09.png"><img src="D:\Work\University\Spring 2019\CMPN203\TestingFramework\memstock.testing\InitialTests\Screenshots\11-07-09.png"/></a></div>
            <div class="log">self = &lt;InitialTests.test_Login.TestLogin object at 0x03F8BA30&gt;<br/>Setup = &lt;selenium.webdriver.firefox.webdriver.WebDriver (session=&quot;f00ec0b0-ae04-4d7a-a637-af09b24b90f6&quot;)&gt;<br/><br/>    def test_LoginFailedIncorrectUsername(self, Setup):<br/>        lp = LoginPage()<br/>        lp.Getusernamefield(Setup).send_keys(&#x27;Mostafa.Hazem&#x27;)<br/>        lp.Getpasswordfield(Setup).send_keys(&#x27;12345678&#x27;)<br/>        lp.Getloginbutton(Setup).click()<br/>    <br/>&gt;       assert lp.ErrorDisplayed(Setup)<br/><span class="error">E       assert False</span><br/><span class="error">E        +  where False = &lt;bound method LoginPage.ErrorDisplayed of &lt;Pages.LoginPage.LoginPage object at 0x03F96B70&gt;&gt;(&lt;selenium.webdriver.firefox.webdriver.WebDriver (session=&quot;f00ec0b0-ae04-4d7a-a637-af09b24b90f6&quot;)&gt;)</span><br/><span class="error">E        +    where &lt;bound method LoginPage.ErrorDisplayed of &lt;Pages.LoginPage.LoginPage object at 0x03F96B70&gt;&gt; = &lt;Pages.LoginPage.LoginPage object at 0x03F96B70&gt;.ErrorDisplayed</span><br/><br/>test_Login.py:53: AssertionError<br/></div></td></tr></tbody>
      <tbody class="failed results-table-row">
        <tr>
          <td class="col-result">Failed</td>
          <td class="col-name">test_Login.py::TestLogin::test_Refresh</td>
          <td class="col-duration">0.78</td>
          <td class="col-links"></td></tr>
        <tr>
          <td class="extra" colspan="4">
            <div class="image"><a href="D:\Work\University\Spring 2019\CMPN203\TestingFramework\memstock.testing\InitialTests\Screenshots\11-07-17.png"><img src="D:\Work\University\Spring 2019\CMPN203\TestingFramework\memstock.testing\InitialTests\Screenshots\11-07-17.png"/></a></div>
            <div class="log">self = &lt;InitialTests.test_Login.TestLogin object at 0x03F9E670&gt;<br/>Setup = &lt;selenium.webdriver.firefox.webdriver.WebDriver (session=&quot;4ca9ce93-a107-4554-ad80-56c3893ab18e&quot;)&gt;<br/><br/>    def test_Refresh(self,Setup):<br/>        lp=LoginPage()<br/>        Setup.refresh()<br/>&gt;       assert lp.IsOn(Setup)<br/><span class="error">E       assert False</span><br/><span class="error">E        +  where False = &lt;bound method Page.IsOn of &lt;Pages.LoginPage.LoginPage object at 0x03F9EF50&gt;&gt;(&lt;selenium.webdriver.firefox.webdriver.WebDriver (session=&quot;4ca9ce93-a107-4554-ad80-56c3893ab18e&quot;)&gt;)</span><br/><span class="error">E        +    where &lt;bound method Page.IsOn of &lt;Pages.LoginPage.LoginPage object at 0x03F9EF50&gt;&gt; = &lt;Pages.LoginPage.LoginPage object at 0x03F9EF50&gt;.IsOn</span><br/><br/>test_Login.py:58: AssertionError<br/></div></td></tr></tbody>
      <tbody class="failed results-table-row">
        <tr>
          <td class="col-result">Failed</td>
          <td class="col-name">test_MyProfile.py::TestMyProfile::test_Refresh</td>
          <td class="col-duration">0.75</td>
          <td class="col-links"></td></tr>
        <tr>
          <td class="extra" colspan="4">
            <div class="image"><a href="D:\Work\University\Spring 2019\CMPN203\TestingFramework\memstock.testing\InitialTests\Screenshots\11-07-35.png"><img src="D:\Work\University\Spring 2019\CMPN203\TestingFramework\memstock.testing\InitialTests\Screenshots\11-07-35.png"/></a></div>
            <div class="log">self = &lt;InitialTests.test_MyProfile.TestMyProfile object at 0x03FA22B0&gt;<br/>Setup = &lt;selenium.webdriver.firefox.webdriver.WebDriver (session=&quot;f859fcc3-e663-4fd9-b332-2a14a67f458d&quot;)&gt;<br/><br/>    def test_Refresh(self,Setup):<br/>        mpp=MyProfilePage()<br/>        Setup.refresh()<br/>&gt;       assert mpp.IsOn(Setup)<br/><span class="error">E       assert False</span><br/><span class="error">E        +  where False = &lt;bound method Page.IsOn of &lt;Pages.MyProfilePage.MyProfilePage object at 0x03FA2F70&gt;&gt;(&lt;selenium.webdriver.firefox.webdriver.WebDriver (session=&quot;f859fcc3-e663-4fd9-b332-2a14a67f458d&quot;)&gt;)</span><br/><span class="error">E        +    where &lt;bound method Page.IsOn of &lt;Pages.MyProfilePage.MyProfilePage object at 0x03FA2F70&gt;&gt; = &lt;Pages.MyProfilePage.MyProfilePage object at 0x03FA2F70&gt;.IsOn</span><br/><br/>test_Myprofile.py:37: AssertionError<br/></div></td></tr></tbody>
      <tbody class="failed results-table-row">
        <tr>
          <td class="col-result">Failed</td>
          <td class="col-name">test_PM.py::TestPM::test_Refresh</td>
          <td class="col-duration">0.76</td>
          <td class="col-links"></td></tr>
        <tr>
          <td class="extra" colspan="4">
            <div class="image"><a href="D:\Work\University\Spring 2019\CMPN203\TestingFramework\memstock.testing\InitialTests\Screenshots\11-08-00.png"><img src="D:\Work\University\Spring 2019\CMPN203\TestingFramework\memstock.testing\InitialTests\Screenshots\11-08-00.png"/></a></div>
            <div class="log">self = &lt;InitialTests.test_PM.TestPM object at 0x03FA9730&gt;, Setup = &lt;selenium.webdriver.firefox.webdriver.WebDriver (session=&quot;18c829fb-7c92-4138-8b7d-1e62f7d980bc&quot;)&gt;<br/><br/>    def test_Refresh(self,Setup):<br/>        pm=PMPage()<br/>        Setup.refresh()<br/>&gt;       assert pm.IsOn(Setup)<br/><span class="error">E       assert False</span><br/><span class="error">E        +  where False = &lt;bound method Page.IsOn of &lt;Pages.PMPage.PMPage object at 0x03FA9B50&gt;&gt;(&lt;selenium.webdriver.firefox.webdriver.WebDriver (session=&quot;18c829fb-7c92-4138-8b7d-1e62f7d980bc&quot;)&gt;)</span><br/><span class="error">E        +    where &lt;bound method Page.IsOn of &lt;Pages.PMPage.PMPage object at 0x03FA9B50&gt;&gt; = &lt;Pages.PMPage.PMPage object at 0x03FA9B50&gt;.IsOn</span><br/><br/>test_PM.py:48: AssertionError<br/></div></td></tr></tbody>
      <tbody class="failed results-table-row">
        <tr>
          <td class="col-result">Failed</td>
          <td class="col-name">test_Registration.py::TestRegistration::test_RegistrationSuccesful</td>
          <td class="col-duration">0.47</td>
          <td class="col-links"></td></tr>
        <tr>
          <td class="extra" colspan="4">
            <div class="image"><a href="D:\Work\University\Spring 2019\CMPN203\TestingFramework\memstock.testing\InitialTests\Screenshots\11-08-07.png"><img src="D:\Work\University\Spring 2019\CMPN203\TestingFramework\memstock.testing\InitialTests\Screenshots\11-08-07.png"/></a></div>
            <div class="log">self = &lt;InitialTests.test_Registration.TestRegistration object at 0x03FA9C70&gt;<br/>Setup = &lt;selenium.webdriver.firefox.webdriver.WebDriver (session=&quot;63470ff0-eaa4-4408-b390-c73e4cbe267d&quot;)&gt;<br/><br/>    def test_RegistrationSuccesful(self,Setup):<br/>    <br/>        rp=RegisterPage()<br/>        rp.Getusernamefield(Setup).send_keys(&#x27;testingbro&#x27;)<br/>        rp.Getemailfield(Setup).send_keys(&#x27;tbro@testman.com&#x27;)<br/>        rp.Getpasswordfield(Setup).send_keys(&#x27;s2sghjgksdfg&#x27;)<br/>        rp.GetRegisterbutton(Setup).click()<br/>        mp=MainPage()<br/>&gt;       assert mp.IsOn(Setup)<br/><span class="error">E       assert False</span><br/><span class="error">E        +  where False = &lt;bound method Page.IsOn of &lt;Pages.MainPage.MainPage object at 0x03FA9630&gt;&gt;(&lt;selenium.webdriver.firefox.webdriver.WebDriver (session=&quot;63470ff0-eaa4-4408-b390-c73e4cbe267d&quot;)&gt;)</span><br/><span class="error">E        +    where &lt;bound method Page.IsOn of &lt;Pages.MainPage.MainPage object at 0x03FA9630&gt;&gt; = &lt;Pages.MainPage.MainPage object at 0x03FA9630&gt;.IsOn</span><br/><br/>test_Registration.py:27: AssertionError<br/></div></td></tr></tbody>
      <tbody class="failed results-table-row">
        <tr>
          <td class="col-result">Failed</td>
          <td class="col-name">test_Settings.py::TestSettings::test_Refresh</td>
          <td class="col-duration">0.73</td>
          <td class="col-links"></td></tr>
        <tr>
          <td class="extra" colspan="4">
            <div class="image"><a href="D:\Work\University\Spring 2019\CMPN203\TestingFramework\memstock.testing\InitialTests\Screenshots\11-09-14.png"><img src="D:\Work\University\Spring 2019\CMPN203\TestingFramework\memstock.testing\InitialTests\Screenshots\11-09-14.png"/></a></div>
            <div class="log">self = &lt;InitialTests.test_Settings.TestSettings object at 0x00524530&gt;<br/>Setup = &lt;selenium.webdriver.firefox.webdriver.WebDriver (session=&quot;68d0fb87-d74c-4e74-8817-2d7dcd489285&quot;)&gt;<br/><br/>    def test_Refresh(self,Setup):<br/>        usp=UserSettingsPage()<br/>        Setup.refresh()<br/>&gt;       assert usp.IsOn(Setup)<br/><span class="error">E       assert False</span><br/><span class="error">E        +  where False = &lt;bound method Page.IsOn of &lt;Pages.UserSettingsPage.UserSettingsPage object at 0x03F80730&gt;&gt;(&lt;selenium.webdriver.firefox.webdriver.WebDriver (session=&quot;68d0fb87-d74c-4e74-8817-2d7dcd489285&quot;)&gt;)</span><br/><span class="error">E        +    where &lt;bound method Page.IsOn of &lt;Pages.UserSettingsPage.UserSettingsPage object at 0x03F80730&gt;&gt; = &lt;Pages.UserSettingsPage.UserSettingsPage object at 0x03F80730&gt;.IsOn</span><br/><br/>test_Settings.py:82: AssertionError<br/></div></td></tr></tbody>
      <tbody class="passed results-table-row">
        <tr>
          <td class="col-result">Passed</td>
          <td class="col-name">test_CreatePost.py::TestCreatePost::test_AllVitalElementsDisplayed</td>
          <td class="col-duration">0.01</td>
          <td class="col-links"></td></tr>
        <tr>
          <td class="extra" colspan="4">
            <div class="empty log">No log output captured.</div></td></tr></tbody>
      <tbody class="passed results-table-row">
        <tr>
          <td class="col-result">Passed</td>
          <td class="col-name">test_Home.py::TestHome::test_AllVitalElementsDisplayed</td>
          <td class="col-duration">0.03</td>
          <td class="col-links"></td></tr>
        <tr>
          <td class="extra" colspan="4">
            <div class="empty log">No log output captured.</div></td></tr></tbody>
      <tbody class="passed results-table-row">
        <tr>
          <td class="col-result">Passed</td>
          <td class="col-name">test_Login.py::TestLogin::test_LoginSuccesful</td>
          <td class="col-duration">0.39</td>
          <td class="col-links"></td></tr>
        <tr>
          <td class="extra" colspan="4">
            <div class="empty log">No log output captured.</div></td></tr></tbody>
      <tbody class="passed results-table-row">
        <tr>
          <td class="col-result">Passed</td>
          <td class="col-name">test_Login.py::TestLogin::test_LoginFailedInvalidPassword</td>
          <td class="col-duration">0.33</td>
          <td class="col-links"></td></tr>
        <tr>
          <td class="extra" colspan="4">
            <div class="empty log">No log output captured.</div></td></tr></tbody>
      <tbody class="passed results-table-row">
        <tr>
          <td class="col-result">Passed</td>
          <td class="col-name">test_MyProfile.py::TestMyProfile::test_MyProfileElementsDisplayed</td>
          <td class="col-duration">0.02</td>
          <td class="col-links"></td></tr>
        <tr>
          <td class="extra" colspan="4">
            <div class="empty log">No log output captured.</div></td></tr></tbody>
      <tbody class="passed results-table-row">
        <tr>
          <td class="col-result">Passed</td>
          <td class="col-name">test_PM.py::TestPM::test_PMElementsDispalyed</td>
          <td class="col-duration">0.01</td>
          <td class="col-links"></td></tr>
        <tr>
          <td class="extra" colspan="4">
            <div class="empty log">No log output captured.</div></td></tr></tbody>
      <tbody class="passed results-table-row">
        <tr>
          <td class="col-result">Passed</td>
          <td class="col-name">test_PM.py::TestPM::test_ComposeMessagesElementsDisplayed</td>
          <td class="col-duration">0.27</td>
          <td class="col-links"></td></tr>
        <tr>
          <td class="extra" colspan="4">
            <div class="empty log">No log output captured.</div></td></tr></tbody>
      <tbody class="passed results-table-row">
        <tr>
          <td class="col-result">Passed</td>
          <td class="col-name">test_Registration.py::TestRegistration::test_RegistrationFailedPasswordInvalid</td>
          <td class="col-duration">0.37</td>
          <td class="col-links"></td></tr>
        <tr>
          <td class="extra" colspan="4">
            <div class="empty log">No log output captured.</div></td></tr></tbody>
      <tbody class="passed results-table-row">
        <tr>
          <td class="col-result">Passed</td>
          <td class="col-name">test_Registration.py::TestRegistration::test_Refresh</td>
          <td class="col-duration">0.89</td>
          <td class="col-links"></td></tr>
        <tr>
          <td class="extra" colspan="4">
            <div class="empty log">No log output captured.</div></td></tr></tbody>
      <tbody class="passed results-table-row">
        <tr>
          <td class="col-result">Passed</td>
          <td class="col-name">test_Settings.py::TestSettings::test_UserSettingElementsDispalyed</td>
          <td class="col-duration">0.01</td>
          <td class="col-links"></td></tr>
        <tr>
          <td class="extra" colspan="4">
            <div class="empty log">No log output captured.</div></td></tr></tbody>
      <tbody class="passed results-table-row">
        <tr>
          <td class="col-result">Passed</td>
          <td class="col-name">test_Settings.py::TestSettings::test_ProfileSettingsElementsDisplayed</td>
          <td class="col-duration">0.29</td>
          <td class="col-links"></td></tr>
        <tr>
          <td class="extra" colspan="4">
            <div class="empty log">No log output captured.</div></td></tr></tbody>
      <tbody class="passed results-table-row">
        <tr>
          <td class="col-result">Passed</td>
          <td class="col-name">test_Settings.py::TestSettings::test_AccountSettingsElementsdisplayed</td>
          <td class="col-duration">0.25</td>
          <td class="col-links"></td></tr>
        <tr>
          <td class="extra" colspan="4">
            <div class="empty log">No log output captured.</div></td></tr></tbody>
      <tbody class="passed results-table-row">
        <tr>
          <td class="col-result">Passed</td>
          <td class="col-name">test_Settings.py::TestSettings::test_UpdateEmailTextDisplayed</td>
          <td class="col-duration">0.50</td>
          <td class="col-links"></td></tr>
        <tr>
          <td class="extra" colspan="4">
            <div class="empty log">No log output captured.</div></td></tr></tbody>
      <tbody class="passed results-table-row">
        <tr>
          <td class="col-result">Passed</td>
          <td class="col-name">test_Settings.py::TestSettings::test_ChangePasswordElementsDisplayed</td>
          <td class="col-duration">0.52</td>
          <td class="col-links"></td></tr>
        <tr>
          <td class="extra" colspan="4">
            <div class="empty log">No log output captured.</div></td></tr></tbody>
      <tbody class="passed results-table-row">
        <tr>
          <td class="col-result">Passed</td>
          <td class="col-name">test_Threads.py::TestThreads::test_ThreadsDisplayed</td>
          <td class="col-duration">0.00</td>
          <td class="col-links"></td></tr>
        <tr>
          <td class="extra" colspan="4">
            <div class="empty log">No log output captured.</div></td></tr></tbody>
      <tbody class="passed results-table-row">
        <tr>
          <td class="col-result">Passed</td>
          <td class="col-name">test_Threads.py::TestThreads::test_Upvote</td>
          <td class="col-duration">0.96</td>
          <td class="col-links"></td></tr>
        <tr>
          <td class="extra" colspan="4">
            <div class="empty log">No log output captured.</div></td></tr></tbody>
      <tbody class="passed results-table-row">
        <tr>
          <td class="col-result">Passed</td>
          <td class="col-name">test_Threads.py::TestThreads::test_Downvote</td>
          <td class="col-duration">0.92</td>
          <td class="col-links"></td></tr>
        <tr>
          <td class="extra" colspan="4">
            <div class="empty log">No log output captured.</div></td></tr></tbody>
      <tbody class="passed results-table-row">
        <tr>
          <td class="col-result">Passed</td>
          <td class="col-name">test_Threads.py::TestThreads::test_DoubleUpvote</td>
          <td class="col-duration">1.83</td>
          <td class="col-links"></td></tr>
        <tr>
          <td class="extra" colspan="4">
            <div class="empty log">No log output captured.</div></td></tr></tbody>
      <tbody class="passed results-table-row">
        <tr>
          <td class="col-result">Passed</td>
          <td class="col-name">test_Threads.py::TestThreads::test_DoubleDownvote</td>
          <td class="col-duration">1.80</td>
          <td class="col-links"></td></tr>
        <tr>
          <td class="extra" colspan="4">
            <div class="empty log">No log output captured.</div></td></tr></tbody></table></body></html>